2025-10-03 22:16:56,736 - INFO - Target URL: https://egpuganda.go.ug/best-evaluated-bidders
2025-10-03 22:16:56,738 - INFO - Starting EGP Uganda post-award contract scraping...
2025-10-03 22:16:56,739 - INFO - Fetching: https://egpuganda.go.ug/best-evaluated-bidders (Attempt 1)
2025-10-03 22:16:57,128 - INFO - No specific contract selectors found, searching for general content...
2025-10-03 22:16:57,131 - INFO - Found 0 potential contract elements
2025-10-03 22:16:57,133 - INFO - No contracts found with selectors, attempting full page extraction...
2025-10-03 22:16:57,135 - INFO - Successfully extracted 0 post-award contracts
2025-10-03 22:16:57,136 - WARNING - No contracts found. The website structure might have changed.
2025-10-03 22:22:17,178 - INFO - Saved 1 contracts to test_contracts.json
2025-10-03 22:22:17,201 - INFO - Saved 1 contracts to test_contracts.csv
2025-10-04 12:33:17,410 - INFO - Starting EGP Uganda Post-Award Contract Scraping...
2025-10-04 12:33:17,422 - INFO - Attempting to login to EGP Uganda portal...
2025-10-04 12:33:17,725 - INFO - CSRF token extracted: PtC7xM7mAyd8rnM7AB12...
2025-10-04 12:33:18,903 - INFO - Login successful! Redirected to dashboard or BEB page
2025-10-04 12:33:18,903 - INFO - Fetching contracts list from Best Evaluated Bidders...
2025-10-04 12:33:19,668 - INFO - CSRF token updated: mbjVowiwuUeO8nysaAId...
2025-10-04 12:33:30,670 - INFO - Found 1000 contracts
2025-10-04 12:33:30,719 - INFO - Processing 1000 contracts...
2025-10-04 12:33:30,726 - INFO - Limited to 3 contracts (max_contracts=3)
2025-10-04 12:33:30,728 - INFO - Processing contract 1/3
2025-10-04 12:33:31,729 - INFO - Processing contract 2/3
2025-10-04 12:33:32,730 - INFO - Processing contract 3/3
2025-10-04 12:33:33,731 - INFO - Scraping completed. Found 3 contracts with details
2025-10-04 12:33:33,732 - INFO - Saving data to egp_post_award_contracts_20251004_123333.csv...
2025-10-04 12:33:33,744 - ERROR - Failed to save CSV: dict contains fields not in fieldnames: 'action_links'
2025-10-04 12:33:48,368 - INFO - Starting EGP Uganda Post-Award Contract Scraping...
2025-10-04 12:33:48,369 - INFO - Attempting to login to EGP Uganda portal...
2025-10-04 12:33:48,575 - INFO - CSRF token extracted: lfJ5QvqYAMWjhhRAAvCV...
2025-10-04 12:33:49,317 - INFO - Login successful! Redirected to dashboard or BEB page
2025-10-04 12:33:49,318 - INFO - Fetching contracts list from Best Evaluated Bidders...
2025-10-04 12:33:50,272 - INFO - CSRF token updated: 0K7usZOMVEIEmPDRIgxR...
2025-10-04 12:34:00,333 - INFO - Found 1000 contracts
2025-10-04 12:34:00,334 - INFO - Processing 1000 contracts...
2025-10-04 12:34:00,340 - INFO - Limited to 3 contracts (max_contracts=3)
2025-10-04 12:34:00,341 - INFO - Processing contract 1/3
2025-10-04 12:34:01,342 - INFO - Processing contract 2/3
2025-10-04 12:34:02,343 - INFO - Processing contract 3/3
2025-10-04 12:34:03,344 - INFO - Scraping completed. Found 3 contracts with details
2025-10-04 12:34:03,345 - INFO - Saving data to egp_post_award_contracts_20251004_123403.csv...
2025-10-04 12:34:03,347 - INFO - Data saved to egp_post_award_contracts_20251004_123403.csv
